<?xml version="1.0" encoding="UTF-8"?>
<!-- Generated by org.testng.reporters.JUnitReportReporter -->
<testsuite ignored="0" hostname="Francisco" failures="0" tests="1" name="testing.Test_Selenium" time="4.919" errors="0" timestamp="20 jul 2024 17:19:09 GMT" skipped="0">
  <testcase classname="testing.Test_Selenium" name="f" time="4.919"/>
</testsuite> <!-- testing.Test_Selenium -->
